[2023-11-23 21:42:35] [logger] [CRITICAL] > Ошибка при подключении к базе данных name 'settings' is not defined
[2023-11-23 21:43:39] [logger] [CRITICAL] > Ошибка при подключении к базе данных name 'settings' is not defined
[2023-11-23 21:44:26] [logger] [INFO] > Успешное подключение к базе данных
[2023-11-23 21:44:26] [logger] [INFO] > Таблицы созданы или уже существуют
[2023-11-23 21:44:26] [logger] [INFO] > Таблицы созданы или уже существуют
[2023-11-23 21:44:26] [logger] [INFO] > Таблицы созданы или уже существуют
[2023-11-23 21:44:26] [logger] [INFO] > Таблицы созданы или уже существуют
[2023-11-23 21:44:28] [logger] [INFO] > Регион region01 начат
[2023-11-23 21:44:28] [logger] [INFO] > Регион region01 начат
[2023-11-23 21:44:28] [logger] [INFO] > Регион region01 начат
[2023-11-23 21:44:28] [logger] [INFO] > Регион region01 начат
[2023-11-23 21:44:32] [logger] [INFO] > Регион region01 уже заполнен
[2023-11-23 21:44:32] [logger] [INFO] > Регион region01 уже заполнен
[2023-11-23 21:44:32] [logger] [INFO] > Регион region01 уже заполнен
[2023-11-23 21:44:32] [logger] [INFO] > Регион region01 уже заполнен
[2023-11-23 21:44:32] [logger] [INFO] > get_document_api Всего времени 4.323095798492432
[2023-11-23 21:44:32] [logger] [INFO] > get_document_api Всего времени 4.323095798492432
[2023-11-23 21:44:32] [logger] [INFO] > get_document_api Всего времени 4.323095798492432
[2023-11-23 21:44:32] [logger] [INFO] > get_document_api Всего времени 4.323095798492432
[2023-11-23 21:44:32] [logger] [INFO] > Регион region04 начат
[2023-11-23 21:44:32] [logger] [INFO] > Регион region04 начат
[2023-11-23 21:44:32] [logger] [INFO] > Регион region04 начат
[2023-11-23 21:44:32] [logger] [INFO] > Регион region04 начат
[2023-11-23 21:44:34] [logger] [INFO] > Регион region04 уже заполнен
[2023-11-23 21:44:34] [logger] [INFO] > Регион region04 уже заполнен
[2023-11-23 21:44:34] [logger] [INFO] > Регион region04 уже заполнен
[2023-11-23 21:44:34] [logger] [INFO] > Регион region04 уже заполнен
[2023-11-23 21:44:34] [logger] [INFO] > get_document_api Всего времени 1.27097487449646
[2023-11-23 21:44:34] [logger] [INFO] > get_document_api Всего времени 1.27097487449646
[2023-11-23 21:44:34] [logger] [INFO] > get_document_api Всего времени 1.27097487449646
[2023-11-23 21:44:34] [logger] [INFO] > get_document_api Всего времени 1.27097487449646
[2023-11-23 21:44:34] [logger] [INFO] > Регион region02 начат
[2023-11-23 21:44:34] [logger] [INFO] > Регион region02 начат
[2023-11-23 21:44:34] [logger] [INFO] > Регион region02 начат
[2023-11-23 21:44:34] [logger] [INFO] > Регион region02 начат
[2023-11-23 21:44:36] [logger] [INFO] > Регион region02 уже заполнен
[2023-11-23 21:44:36] [logger] [INFO] > Регион region02 уже заполнен
[2023-11-23 21:44:36] [logger] [INFO] > Регион region02 уже заполнен
[2023-11-23 21:44:36] [logger] [INFO] > Регион region02 уже заполнен
[2023-11-23 21:44:36] [logger] [INFO] > get_document_api Всего времени 2.889451742172241
[2023-11-23 21:44:36] [logger] [INFO] > get_document_api Всего времени 2.889451742172241
[2023-11-23 21:44:36] [logger] [INFO] > get_document_api Всего времени 2.889451742172241
[2023-11-23 21:44:36] [logger] [INFO] > get_document_api Всего времени 2.889451742172241
[2023-11-23 21:44:36] [logger] [INFO] > Регион region03 начат
[2023-11-23 21:44:36] [logger] [INFO] > Регион region03 начат
[2023-11-23 21:44:36] [logger] [INFO] > Регион region03 начат
[2023-11-23 21:44:36] [logger] [INFO] > Регион region03 начат
[2023-11-23 21:44:39] [logger] [INFO] > Регион region03 уже заполнен
[2023-11-23 21:44:39] [logger] [INFO] > Регион region03 уже заполнен
[2023-11-23 21:44:39] [logger] [INFO] > Регион region03 уже заполнен
[2023-11-23 21:44:39] [logger] [INFO] > Регион region03 уже заполнен
[2023-11-23 21:44:39] [logger] [INFO] > get_document_api Всего времени 2.1387274265289307
[2023-11-23 21:44:39] [logger] [INFO] > get_document_api Всего времени 2.1387274265289307
[2023-11-23 21:44:39] [logger] [INFO] > get_document_api Всего времени 2.1387274265289307
[2023-11-23 21:44:39] [logger] [INFO] > get_document_api Всего времени 2.1387274265289307
[2023-11-23 21:44:39] [logger] [INFO] > Регион region05 начат
[2023-11-23 21:44:39] [logger] [INFO] > Регион region05 начат
[2023-11-23 21:44:39] [logger] [INFO] > Регион region05 начат
[2023-11-23 21:44:39] [logger] [INFO] > Регион region05 начат
[2023-11-23 21:44:41] [logger] [INFO] > Регион region05 уже заполнен
[2023-11-23 21:44:41] [logger] [INFO] > Регион region05 уже заполнен
[2023-11-23 21:44:41] [logger] [INFO] > Регион region05 уже заполнен
[2023-11-23 21:44:41] [logger] [INFO] > Регион region05 уже заполнен
[2023-11-23 21:44:41] [logger] [INFO] > get_document_api Всего времени 2.367433786392212
[2023-11-23 21:44:41] [logger] [INFO] > get_document_api Всего времени 2.367433786392212
[2023-11-23 21:44:41] [logger] [INFO] > get_document_api Всего времени 2.367433786392212
[2023-11-23 21:44:41] [logger] [INFO] > get_document_api Всего времени 2.367433786392212
[2023-11-23 21:44:41] [logger] [INFO] > Регион region80 начат
[2023-11-23 21:44:41] [logger] [INFO] > Регион region80 начат
[2023-11-23 21:44:41] [logger] [INFO] > Регион region80 начат
[2023-11-23 21:44:41] [logger] [INFO] > Регион region80 начат
[2023-11-23 21:44:41] [logger] [INFO] > Регион region80 уже заполнен
[2023-11-23 21:44:41] [logger] [INFO] > Регион region80 уже заполнен
[2023-11-23 21:44:41] [logger] [INFO] > Регион region80 уже заполнен
[2023-11-23 21:44:41] [logger] [INFO] > Регион region80 уже заполнен
[2023-11-23 21:44:41] [logger] [INFO] > get_document_api Всего времени 0.25343942642211914
[2023-11-23 21:44:41] [logger] [INFO] > get_document_api Всего времени 0.25343942642211914
[2023-11-23 21:44:41] [logger] [INFO] > get_document_api Всего времени 0.25343942642211914
[2023-11-23 21:44:41] [logger] [INFO] > get_document_api Всего времени 0.25343942642211914
[2023-11-23 21:44:41] [logger] [INFO] > Регион region06 начат
[2023-11-23 21:44:41] [logger] [INFO] > Регион region06 начат
[2023-11-23 21:44:41] [logger] [INFO] > Регион region06 начат
[2023-11-23 21:44:41] [logger] [INFO] > Регион region06 начат
[2023-11-23 21:44:44] [logger] [INFO] > Регион region06 уже заполнен
[2023-11-23 21:44:44] [logger] [INFO] > Регион region06 уже заполнен
[2023-11-23 21:44:44] [logger] [INFO] > Регион region06 уже заполнен
[2023-11-23 21:44:44] [logger] [INFO] > Регион region06 уже заполнен
[2023-11-23 21:44:44] [logger] [INFO] > get_document_api Всего времени 2.513627052307129
[2023-11-23 21:44:44] [logger] [INFO] > get_document_api Всего времени 2.513627052307129
[2023-11-23 21:44:44] [logger] [INFO] > get_document_api Всего времени 2.513627052307129
[2023-11-23 21:44:44] [logger] [INFO] > get_document_api Всего времени 2.513627052307129
[2023-11-23 21:44:44] [logger] [INFO] > Регион region07 начат
[2023-11-23 21:44:44] [logger] [INFO] > Регион region07 начат
[2023-11-23 21:44:44] [logger] [INFO] > Регион region07 начат
[2023-11-23 21:44:44] [logger] [INFO] > Регион region07 начат
[2023-11-23 21:44:45] [logger] [INFO] > Регион region07 уже заполнен
[2023-11-23 21:44:45] [logger] [INFO] > Регион region07 уже заполнен
[2023-11-23 21:44:45] [logger] [INFO] > Регион region07 уже заполнен
[2023-11-23 21:44:45] [logger] [INFO] > Регион region07 уже заполнен
[2023-11-23 21:44:45] [logger] [INFO] > get_document_api Всего времени 1.6382098197937012
[2023-11-23 21:44:45] [logger] [INFO] > get_document_api Всего времени 1.6382098197937012
[2023-11-23 21:44:45] [logger] [INFO] > get_document_api Всего времени 1.6382098197937012
[2023-11-23 21:44:45] [logger] [INFO] > get_document_api Всего времени 1.6382098197937012
[2023-11-23 21:44:45] [logger] [INFO] > Регион region08 начат
[2023-11-23 21:44:45] [logger] [INFO] > Регион region08 начат
[2023-11-23 21:44:45] [logger] [INFO] > Регион region08 начат
[2023-11-23 21:44:45] [logger] [INFO] > Регион region08 начат
[2023-11-23 21:44:48] [logger] [INFO] > Регион region08 уже заполнен
[2023-11-23 21:44:48] [logger] [INFO] > Регион region08 уже заполнен
[2023-11-23 21:44:48] [logger] [INFO] > Регион region08 уже заполнен
[2023-11-23 21:44:48] [logger] [INFO] > Регион region08 уже заполнен
[2023-11-23 21:44:48] [logger] [INFO] > get_document_api Всего времени 2.5593760013580322
[2023-11-23 21:44:48] [logger] [INFO] > get_document_api Всего времени 2.5593760013580322
[2023-11-23 21:44:48] [logger] [INFO] > get_document_api Всего времени 2.5593760013580322
[2023-11-23 21:44:48] [logger] [INFO] > get_document_api Всего времени 2.5593760013580322
[2023-11-23 21:44:48] [logger] [INFO] > Регион region09 начат
[2023-11-23 21:44:48] [logger] [INFO] > Регион region09 начат
[2023-11-23 21:44:48] [logger] [INFO] > Регион region09 начат
[2023-11-23 21:44:48] [logger] [INFO] > Регион region09 начат
